2025-01-27 15:29:48,261 - EBSD_Logger - INFO - Initialized logger. Writing logs to: logs/11AlNiCo-8H DED-400W-Area 4-OIM Map 1.ang_20250127_152948.log
2025-01-27 15:29:48,261 - EBSD_Logger - WARNING - pycrystallography.ebsd module not found. Attempting to add parent directories to sys.path.
2025-01-27 15:29:48,261 - EBSD_Logger - INFO - Added /home/kvmani/pycrystallography/pycrystallography and /home/kvmani/pycrystallography to sys.path.
2025-01-27 15:29:50,180 - EBSD_Logger - INFO - Ensured existence of directory: output/npy/B
2025-01-27 15:29:50,180 - EBSD_Logger - INFO - Ensured existence of directory: output/ang/B
2025-01-27 15:29:50,181 - EBSD_Logger - INFO - Ensured existence of directory: output/tiff/B
2025-01-27 15:29:50,181 - EBSD_Logger - INFO - Ensured existence of directory: output/npy/A
2025-01-27 15:29:50,181 - EBSD_Logger - INFO - Ensured existence of directory: output/ang/A
2025-01-27 15:29:50,181 - EBSD_Logger - INFO - Ensured existence of directory: output/tiff/A
2025-01-27 15:29:50,181 - EBSD_Logger - INFO - running in debug mode = False
2025-01-27 15:29:50,181 - EBSD_Logger - INFO - Loading file: /home/kvmani/pycrystallography/data/sampleTestData/11AlNiCo-8H DED-400W-Area 4-OIM Map 1.ang
2025-01-27 15:29:53,585 - EBSD_Logger - INFO - [using] file '11AlNiCo-8H DED-400W-Area 4-OIM Map 1.ang' because 75.00% of rows satisfied the [CI] criterion (0.3) vs. threshold 50.0%
2025-01-27 15:29:53,699 - EBSD_Logger - INFO - Generated 2 crops from file 11AlNiCo-8H DED-400W-Area 4-OIM Map 1.ang
2025-01-27 15:29:53,700 - EBSD_Logger - INFO - [skipping] subcrop 0 because 73.47% of rows satisfied the [CI] criterion (0.3) vs. threshold 75.0%
2025-01-27 15:29:59,838 - EBSD_Logger - INFO - Subcrop 0 => Unmasked SOURCE files written
2025-01-27 15:29:59,839 - EBSD_Logger - INFO - [using] subcrop 1 because 75.28% of rows satisfied the [CI] criterion (0.3) vs. threshold 75.0%
2025-01-27 15:29:59,839 - EBSD_Logger - INFO - For subcrop 1: rotation=270, flip=h, mask=10
2025-01-27 15:29:59,851 - EBSD_Logger - INFO - Applied rotation/flip on subcrop 1
2025-01-27 15:30:05,797 - EBSD_Logger - INFO - Subcrop 1 => TARGET files written
2025-01-27 15:30:05,823 - EBSD_Logger - INFO - Subcrop 1 => mask applied
2025-01-27 15:30:11,742 - EBSD_Logger - INFO - Subcrop 1 => SOURCE (masked) files written
2025-01-27 15:30:11,742 - EBSD_Logger - INFO - Single file processing complete.
