2025-01-27 15:29:13,022 - EBSD_Logger - INFO - Initialized logger. Writing logs to: logs/11AlNiCo-8H DED-400W-Area 4-OIM Map 1.ang_20250127_152913.log
2025-01-27 15:29:13,023 - EBSD_Logger - WARNING - pycrystallography.ebsd module not found. Attempting to add parent directories to sys.path.
2025-01-27 15:29:13,023 - EBSD_Logger - INFO - Added /home/kvmani/pycrystallography/pycrystallography and /home/kvmani/pycrystallography to sys.path.
2025-01-27 15:29:14,695 - EBSD_Logger - INFO - Ensured existence of directory: output/npy/B
2025-01-27 15:29:14,696 - EBSD_Logger - INFO - Ensured existence of directory: output/ang/B
2025-01-27 15:29:14,696 - EBSD_Logger - INFO - Ensured existence of directory: output/tiff/B
2025-01-27 15:29:14,696 - EBSD_Logger - INFO - Ensured existence of directory: output/npy/A
2025-01-27 15:29:14,696 - EBSD_Logger - INFO - Ensured existence of directory: output/ang/A
2025-01-27 15:29:14,696 - EBSD_Logger - INFO - Ensured existence of directory: output/tiff/A
2025-01-27 15:29:14,696 - EBSD_Logger - INFO - running in debug mode = False
2025-01-27 15:29:14,696 - EBSD_Logger - INFO - Loading file: /home/kvmani/pycrystallography/data/sampleTestData/11AlNiCo-8H DED-400W-Area 4-OIM Map 1.ang
2025-01-27 15:29:18,103 - EBSD_Logger - INFO - [using] file '11AlNiCo-8H DED-400W-Area 4-OIM Map 1.ang' because 75.00% of rows satisfied the [CI] criterion (0.3) vs. threshold 50.0%
2025-01-27 15:29:18,200 - EBSD_Logger - INFO - Generated 2 crops from file 11AlNiCo-8H DED-400W-Area 4-OIM Map 1.ang
2025-01-27 15:29:18,200 - EBSD_Logger - INFO - [skipping] subcrop 0 because 73.47% of rows satisfied the [CI] criterion (0.3) vs. threshold 75.0%
2025-01-27 15:29:24,033 - EBSD_Logger - INFO - Subcrop 0 => Unmasked SOURCE files written
2025-01-27 15:29:24,034 - EBSD_Logger - INFO - [using] subcrop 1 because 75.28% of rows satisfied the [CI] criterion (0.3) vs. threshold 75.0%
2025-01-27 15:29:24,034 - EBSD_Logger - INFO - For subcrop 1: rotation=180, flip=h, mask=10
2025-01-27 15:29:24,043 - EBSD_Logger - INFO - Applied rotation/flip on subcrop 1
2025-01-27 15:29:29,867 - EBSD_Logger - INFO - Subcrop 1 => TARGET files written
2025-01-27 15:29:29,892 - EBSD_Logger - INFO - Subcrop 1 => mask applied
2025-01-27 15:29:35,782 - EBSD_Logger - INFO - Subcrop 1 => SOURCE (masked) files written
2025-01-27 15:29:35,783 - EBSD_Logger - INFO - Single file processing complete.
