2025-01-27 15:26:48,688 - EBSD_Logger - INFO - Initialized logger. Writing logs to: logs/11AlNiCo-8H DED-400W-Area 4-OIM Map 1.ang_20250127_152648.log
2025-01-27 15:26:48,689 - EBSD_Logger - WARNING - pycrystallography.ebsd module not found. Attempting to add parent directories to sys.path.
2025-01-27 15:26:48,689 - EBSD_Logger - INFO - Added /home/kvmani/pycrystallography/pycrystallography and /home/kvmani/pycrystallography to sys.path.
2025-01-27 15:26:50,557 - EBSD_Logger - INFO - Ensured existence of directory: output/npy/B
2025-01-27 15:26:50,557 - EBSD_Logger - INFO - Ensured existence of directory: output/ang/B
2025-01-27 15:26:50,557 - EBSD_Logger - INFO - Ensured existence of directory: output/tiff/B
2025-01-27 15:26:50,557 - EBSD_Logger - INFO - Ensured existence of directory: output/npy/A
2025-01-27 15:26:50,558 - EBSD_Logger - INFO - Ensured existence of directory: output/ang/A
2025-01-27 15:26:50,558 - EBSD_Logger - INFO - Ensured existence of directory: output/tiff/A
2025-01-27 15:26:50,558 - EBSD_Logger - INFO - running in debug mode = False
2025-01-27 15:26:50,558 - EBSD_Logger - INFO - Loading file: /home/kvmani/pycrystallography/data/sampleTestData/11AlNiCo-8H DED-400W-Area 4-OIM Map 1.ang
2025-01-27 15:26:53,894 - EBSD_Logger - INFO - [using] file '11AlNiCo-8H DED-400W-Area 4-OIM Map 1.ang' because 75.00% of rows satisfied the [CI] criterion (0.3) vs. threshold 50.0%
2025-01-27 15:26:53,989 - EBSD_Logger - INFO - Generated 2 crops from file 11AlNiCo-8H DED-400W-Area 4-OIM Map 1.ang
2025-01-27 15:26:53,990 - EBSD_Logger - INFO - [skipping] subcrop 0 because 73.47% of rows satisfied the [CI] criterion (0.3) vs. threshold 75.0%
2025-01-27 15:26:59,841 - EBSD_Logger - INFO - Subcrop 0 => Unmasked SOURCE files written
2025-01-27 15:26:59,841 - EBSD_Logger - INFO - [using] subcrop 1 because 75.28% of rows satisfied the [CI] criterion (0.3) vs. threshold 75.0%
2025-01-27 15:26:59,841 - EBSD_Logger - INFO - For subcrop 1: rotation=90, flip=h, mask=10
2025-01-27 15:26:59,854 - EBSD_Logger - INFO - Applied rotation/flip on subcrop 1
2025-01-27 15:27:05,753 - EBSD_Logger - INFO - Subcrop 1 => TARGET files written
2025-01-27 15:27:05,777 - EBSD_Logger - INFO - Subcrop 1 => mask applied
2025-01-27 15:27:11,682 - EBSD_Logger - INFO - Subcrop 1 => SOURCE (masked) files written
2025-01-27 15:27:11,682 - EBSD_Logger - INFO - Single file processing complete.
